c:\users\priyash_11\documents\visual studio 2013\projects\closestfit\closestfit\debug\vc120.pdb
c:\users\priyash_11\documents\visual studio 2013\projects\closestfit\closestfit\debug\vc120.idb
c:\users\priyash_11\documents\visual studio 2013\projects\closestfit\closestfit\debug\closestfit.nativecodeanalysis.xml
c:\users\priyash_11\documents\visual studio 2013\projects\closestfit\closestfit\debug\csv.nativecodeanalysis.xml
c:\users\priyash_11\documents\visual studio 2013\projects\closestfit\closestfit\debug\node.nativecodeanalysis.xml
c:\users\priyash_11\documents\visual studio 2013\projects\closestfit\closestfit\debug\source.nativecodeanalysis.xml
c:\users\priyash_11\documents\visual studio 2013\projects\closestfit\closestfit\debug\source.obj
c:\users\priyash_11\documents\visual studio 2013\projects\closestfit\closestfit\debug\node.obj
c:\users\priyash_11\documents\visual studio 2013\projects\closestfit\closestfit\debug\csv.obj
c:\users\priyash_11\documents\visual studio 2013\projects\closestfit\closestfit\debug\closestfit.obj
c:\users\priyash_11\documents\visual studio 2013\projects\closestfit\debug\closestfit.ilk
c:\users\priyash_11\documents\visual studio 2013\projects\closestfit\debug\closestfit.exe
c:\users\priyash_11\documents\visual studio 2013\projects\closestfit\debug\closestfit.pdb
c:\users\priyash_11\documents\visual studio 2013\projects\closestfit\closestfit\debug\nativecodeanalysis.read.1.tlog
c:\users\priyash_11\documents\visual studio 2013\projects\closestfit\closestfit\debug\vc.nativecodeanalysis.all.xml
c:\users\priyash_11\documents\visual studio 2013\projects\closestfit\debug\closestfit.exe.lastcodeanalysissucceeded
c:\users\priyash_11\documents\visual studio 2013\projects\closestfit\closestfit\debug\closestfit.tlog\cl.command.1.tlog
c:\users\priyash_11\documents\visual studio 2013\projects\closestfit\closestfit\debug\closestfit.tlog\cl.read.1.tlog
c:\users\priyash_11\documents\visual studio 2013\projects\closestfit\closestfit\debug\closestfit.tlog\cl.write.1.tlog
c:\users\priyash_11\documents\visual studio 2013\projects\closestfit\closestfit\debug\closestfit.tlog\link.command.1.tlog
c:\users\priyash_11\documents\visual studio 2013\projects\closestfit\closestfit\debug\closestfit.tlog\link.read.1.tlog
c:\users\priyash_11\documents\visual studio 2013\projects\closestfit\closestfit\debug\closestfit.tlog\link.write.1.tlog
